<?xml version="1.0" encoding="UTF-8"?>
<testng-results skipped="0" failed="0" total="1" passed="1">
  <reporter-output>
  </reporter-output>
  <suite name="Default suite" duration-ms="277062" started-at="2019-08-28T05:21:47Z" finished-at="2019-08-28T05:26:24Z">
    <groups>
    </groups>
    <test name="Default test" duration-ms="277062" started-at="2019-08-28T05:21:47Z" finished-at="2019-08-28T05:26:24Z">
      <class name="test.assignment.proj_discovery.TestNg2">
        <test-method status="PASS" signature="startBrowser()[pri:0, instance:test.assignment.proj_discovery.TestNg2@1500955a]" name="startBrowser" is-config="true" duration-ms="223102" started-at="2019-08-28T10:51:47Z" finished-at="2019-08-28T10:55:30Z">
          <reporter-output>
          </reporter-output>
        </test-method> <!-- startBrowser -->
        <test-method status="PASS" signature="beforeMethod(java.lang.reflect.Method)[pri:0, instance:test.assignment.proj_discovery.TestNg2@1500955a]" name="beforeMethod" is-config="true" duration-ms="54" started-at="2019-08-28T10:55:30Z" finished-at="2019-08-28T10:55:30Z">
          <params>
            <param index="0">
              <value>
                <![CDATA[public void test.assignment.proj_discovery.TestNg2.SelectVideos() throws java.lang.Exception]]>
              </value>
            </param>
          </params>
          <reporter-output>
          </reporter-output>
        </test-method> <!-- beforeMethod -->
        <test-method status="PASS" signature="SelectVideos()[pri:0, instance:test.assignment.proj_discovery.TestNg2@1500955a]" name="SelectVideos" duration-ms="39023" started-at="2019-08-28T10:55:30Z" finished-at="2019-08-28T10:56:09Z">
          <reporter-output>
          </reporter-output>
        </test-method> <!-- SelectVideos -->
        <test-method status="PASS" signature="afterclass()[pri:0, instance:test.assignment.proj_discovery.TestNg2@1500955a]" name="afterclass" is-config="true" duration-ms="4984" started-at="2019-08-28T10:56:09Z" finished-at="2019-08-28T10:56:14Z">
          <reporter-output>
          </reporter-output>
        </test-method> <!-- afterclass -->
        <test-method status="PASS" signature="afterMethod(org.testng.ITestResult)[pri:0, instance:test.assignment.proj_discovery.TestNg2@1500955a]" name="afterMethod" is-config="true" duration-ms="0" started-at="2019-08-28T10:56:09Z" finished-at="2019-08-28T10:56:09Z">
          <params>
            <param index="0">
              <value>
                <![CDATA[[TestResult name=SelectVideos status=SUCCESS method=TestNg2.SelectVideos()[pri:0, instance:test.assignment.proj_discovery.TestNg2@1500955a] output={null}]]]>
              </value>
            </param>
          </params>
          <reporter-output>
          </reporter-output>
        </test-method> <!-- afterMethod -->
        <test-method status="PASS" signature="endTest()[pri:0, instance:test.assignment.proj_discovery.TestNg2@1500955a]" name="endTest" is-config="true" duration-ms="9853" started-at="2019-08-28T10:56:14Z" finished-at="2019-08-28T10:56:24Z">
          <reporter-output>
          </reporter-output>
        </test-method> <!-- endTest -->
      </class> <!-- test.assignment.proj_discovery.TestNg2 -->
    </test> <!-- Default test -->
  </suite> <!-- Default suite -->
</testng-results>
